MPASM 5.77  /HOME/ECONSYS4/MPLABXPROJECTS/LD   3-20-2018  17:57:29         PAGE  1


LOC  OBJECT CODE     LINE SOURCE TEXT
  VALUE

                      00001 ;*******************************************************************************
                      00002 ;                                                                              *
                      00003 ;    Microchip licenses this software to you solely for use with Microchip     *
                      00004 ;    products. The software is owned by Microchip and/or its licensors, and is *
                      00005 ;    protected under applicable copyright laws.  All rights reserved.          *
                      00006 ;                                                                              *
                      00007 ;    This software and any accompanying information is for suggestion only.    *
                      00008 ;    It shall not be deemed to modify Microchip?s standard warranty for its    *
                      00009 ;    products.  It is your responsibility to ensure that this software meets   *
                      00010 ;    your requirements.                                                        *
                      00011 ;                                                                              *
                      00012 ;    SOFTWARE IS PROVIDED "AS IS".  MICROCHIP AND ITS LICENSORS EXPRESSLY      *
                      00013 ;    DISCLAIM ANY WARRANTY OF ANY KIND, WHETHER EXPRESS OR IMPLIED, INCLUDING  *
                      00014 ;    BUT NOT LIMITED TO, THE IMPLIED WARRANTIES OF MERCHANTABILITY, FITNESS    *
                      00015 ;    FOR A PARTICULAR PURPOSE, OR NON-INFRINGEMENT. IN NO EVENT SHALL          *
                      00016 ;    MICROCHIP OR ITS LICENSORS BE LIABLE FOR ANY INCIDENTAL, SPECIAL,         *
                      00017 ;    INDIRECT OR CONSEQUENTIAL DAMAGES, LOST PROFITS OR LOST DATA, HARM TO     *
                      00018 ;    YOUR EQUIPMENT, COST OF PROCUREMENT OF SUBSTITUTE GOODS, TECHNOLOGY OR    *
                      00019 ;    SERVICES, ANY CLAIMS BY THIRD PARTIES (INCLUDING BUT NOT LIMITED TO ANY   *
                      00020 ;    DEFENSE THEREOF), ANY CLAIMS FOR INDEMNITY OR CONTRIBUTION, OR OTHER      *
                      00021 ;    SIMILAR COSTS.                                                            *
                      00022 ;                                                                              *
                      00023 ;    To the fullest extend allowed by law, Microchip and its licensors         *
                      00024 ;    liability shall not exceed the amount of fee, if any, that you have paid  *
                      00025 ;    directly to Microchip to use this software.                               *
                      00026 ;                                                                              *
                      00027 ;    MICROCHIP PROVIDES THIS SOFTWARE CONDITIONALLY UPON YOUR ACCEPTANCE OF    *
                      00028 ;    THESE TERMS.                                                              *
                      00029 ;                                                                              *
                      00030 ;*******************************************************************************
                      00031 ;                                                                              *
                      00032 ;    Filename:                                                                 *
                      00033 ;    Date:                                                                     *
                      00034 ;    File Version:                                                             *
                      00035 ;    Author:                                                                   *
                      00036 ;    Company:                                                                  *
                      00037 ;    Description:                                                              *
                      00038 ;                                                                              *
                      00039 ;*******************************************************************************
                      00040 ;                                                                              *
                      00041 ;    Notes: In the MPLAB X Help, refer to the MPASM Assembler documentation    *
                      00042 ;    for information on assembly instructions.                                 *
                      00043 ;                                                                              *
                      00044 ;*******************************************************************************
                      00045 ;                                                                              *
                      00046 ;    Known Issues: This template is designed for relocatable code.  As such,   *
                      00047 ;    build errors such as "Directive only allowed when generating an object    *
                      00048 ;    file" will result when the 'Build in Absolute Mode' checkbox is selected  *
                      00049 ;    in the project properties.  Designing code in absolute mode is            *
                      00050 ;    antiquated - use relocatable mode.                                        *
                      00051 ;                                                                              *
                      00052 ;*******************************************************************************
                      00053 ;                                                                              *
MPASM 5.77  /HOME/ECONSYS4/MPLABXPROJECTS/LD   3-20-2018  17:57:29         PAGE  2


LOC  OBJECT CODE     LINE SOURCE TEXT
  VALUE

                      00054 ;    Revision History:                                                         *
                      00055 ;                                                                              *
                      00056 ;*******************************************************************************
                      00057 
                      00058 
                      00059 
                      00060 ;*******************************************************************************
                      00061 ; Processor Inclusion
                      00062 ;
                      00063 ; TODO Step #1 Open the task list under Window > Tasks.  Include your
                      00064 ; device .inc file - e.g. #include <device_name>.inc.  Available
                      00065 ; include files are in C:\Program Files\Microchip\MPLABX\mpasmx
                      00066 ; assuming the default installation path for MPLAB X.  You may manually find
                      00067 ; the appropriate include file for your device here and include it, or
                      00068 ; simply copy the include generated by the configuration bits
                      00069 ; generator (see Step #2).
                      00070 ;
                      00071 ;*******************************************************************************
                      00072 
                      00073 ; TODO INSERT INCLUDE CODE HERE
                      00074 #include "p16f873a.inc"
                      00001         LIST
                      00002 
                      00003 ;==========================================================================
                      00004 ; Build date : Nov 22 2017
                      00005 ;  MPASM PIC16F873A processor include
                      00006 ; 
                      00007 ;  (c) Copyright 1999-2017 Microchip Technology, All rights reserved
                      00008 ;==========================================================================
                      00009 
                      00527         LIST
                      00075 
                      00076 ; CONFIG
                      00077 ; __config 0xFF3A
2007   3F3A           00078  __CONFIG _FOSC_HS & _WDTE_OFF & _PWRTE_OFF & _BOREN_OFF & _LVP_OFF & _CPD_OFF & _WRT_OFF & _CP_OFF
                      00079 ;*******************************************************************************
                      00080 ;
                      00081 ; TODO Step #2 - Configuration Word Setup
                      00082 ;
                      00083 ; The 'CONFIG' directive is used to embed the configuration word within the
                      00084 ; .asm file. MPLAB X requires users to embed their configuration words
                      00085 ; into source code.  See the device datasheet for additional information
                      00086 ; on configuration word settings.  Device configuration bits descriptions
                      00087 ; are in C:\Program Files\Microchip\MPLABX\mpasmx\P<device_name>.inc
                      00088 ; (may change depending on your MPLAB X installation directory).
                      00089 ;
                      00090 ; MPLAB X has a feature which generates configuration bits source code.  Go to
                      00091 ; Window > PIC Memory Views > Configuration Bits.  Configure each field as
                      00092 ; needed and select 'Generate Source Code to Output'.  The resulting code which
                      00093 ; appears in the 'Output Window' > 'Config Bits Source' tab may be copied
                      00094 ; below.
                      00095 ;
                      00096 ;*******************************************************************************
MPASM 5.77  /HOME/ECONSYS4/MPLABXPROJECTS/LD   3-20-2018  17:57:29         PAGE  3


LOC  OBJECT CODE     LINE SOURCE TEXT
  VALUE

                      00097 
                      00098 ; TODO INSERT CONFIG HERE
                      00099 
                      00100 ;*******************************************************************************
                      00101 ;
                      00102 ; TODO Step #3 - Variable Definitions
                      00103 ;
                      00104 ; Refer to datasheet for available data memory (RAM) organization assuming
                      00105 ; relocatible code organization (which is an option in project
                      00106 ; properties > mpasm (Global Options)).  Absolute mode generally should
                      00107 ; be used sparingly.
                      00108 ;
                      00109 ; Example of using GPR Uninitialized Data
                      00110 ;
                      00111 ;   GPR_VAR        UDATA
                      00112 ;   MYVAR1         RES        1      ; User variable linker places
                      00113 ;   MYVAR2         RES        1      ; User variable linker places
                      00114 ;   MYVAR3         RES        1      ; User variable linker places
                      00115 ;
                      00116 ;   ; Example of using Access Uninitialized Data Section (when available)
                      00117 ;   ; The variables for the context saving in the device datasheet may need
                      00118 ;   ; memory reserved here.
                      00119 ;   INT_VAR        UDATA_ACS
                      00120 ;   W_TEMP         RES        1      ; w register for context saving (ACCESS)
                      00121 ;   STATUS_TEMP    RES        1      ; status used for context saving
                      00122 ;   BSR_TEMP       RES        1      ; bank select used for ISR context saving
                      00123 ;
                      00124 ;*******************************************************************************
                      00125 
                      00126 ; TODO PLACE VARIABLE DEFINITIONS GO HERE
                      00127 
                      00128 ;*******************************************************************************
                      00129 ; Reset Vector
                      00130 ;*******************************************************************************
                      00131 
                      00132 RES_VECT  CODE    0x0000            ; processor reset vector
0000   2???           00133     GOTO    START                   ; go to beginning of program
                      00134 
                      00135 ;*******************************************************************************
                      00136 ; TODO Step #4 - Interrupt Service Routines
                      00137 ;
                      00138 ; There are a few different ways to structure interrupt routines in the 8
                      00139 ; bit device families.  On PIC18's the high priority and low priority
                      00140 ; interrupts are located at 0x0008 and 0x0018, respectively.  On PIC16's and
                      00141 ; lower the interrupt is at 0x0004.  Between device families there is subtle
                      00142 ; variation in the both the hardware supporting the ISR (for restoring
                      00143 ; interrupt context) as well as the software used to restore the context
                      00144 ; (without corrupting the STATUS bits).
                      00145 ;
                      00146 ; General formats are shown below in relocatible format.
                      00147 ;
                      00148 ;------------------------------PIC16's and below--------------------------------
                      00149 ;
MPASM 5.77  /HOME/ECONSYS4/MPLABXPROJECTS/LD   3-20-2018  17:57:29         PAGE  4


LOC  OBJECT CODE     LINE SOURCE TEXT
  VALUE

                      00150 ; ISR       CODE    0x0004           ; interrupt vector location
                      00151 ;
                      00152 ;     <Search the device datasheet for 'context' and copy interrupt
                      00153 ;     context saving code here.  Older devices need context saving code,
                      00154 ;     but newer devices like the 16F#### don't need context saving code.>
                      00155 ;
                      00156 ;     RETFIE
                      00157 ;
                      00158 ;----------------------------------PIC18's--------------------------------------
                      00159 ;
                      00160 ; ISRHV     CODE    0x0008
                      00161 ;     GOTO    HIGH_ISR
                      00162 ; ISRLV     CODE    0x0018
                      00163 ;     GOTO    LOW_ISR
                      00164 ;
                      00165 ; ISRH      CODE                     ; let linker place high ISR routine
                      00166 ; HIGH_ISR
                      00167 ;     <Insert High Priority ISR Here - no SW context saving>
                      00168 ;     RETFIE  FAST
                      00169 ;
                      00170 ; ISRL      CODE                     ; let linker place low ISR routine
                      00171 ; LOW_ISR
                      00172 ;       <Search the device datasheet for 'context' and copy interrupt
                      00173 ;       context saving code here>
                      00174 ;     RETFIE
                      00175 ;
                      00176 ;*******************************************************************************
                      00177 
                      00178 ; TODO INSERT ISR HERE
                      00179 
                      00180 ;*******************************************************************************
                      00181 ; MAIN PROGRAM
                      00182 ;*******************************************************************************
                      00183 
                      00184 MAIN_PROG CODE                      ; let linker place main program
                      00185 
0000                  00186 START
0000   1683           00187  bsf 03h,5
Message[302]: Register in operand not in bank 0.  Ensure that bank bits are correct.
0001   0187           00188  clrf 0x87
0002   300E           00189  movlw 0x0e
Message[302]: Register in operand not in bank 0.  Ensure that bank bits are correct.
0003   009F           00190  movwf 0x9f
Message[302]: Register in operand not in bank 0.  Ensure that bank bits are correct.
0004   1283           00191  bcf 83h,5
0005   3080           00192  movlw 0x80
0006   009F           00193  movwf 0x1f
Message[302]: Register in operand not in bank 0.  Ensure that bank bits are correct.
0007   1405           00194  bsf 0x85,0
                      00195  
0008                  00196 MAIN
0008   141F           00197  bsf 0x1f,0
0009   2???           00198  call delay
MPASM 5.77  /HOME/ECONSYS4/MPLABXPROJECTS/LD   3-20-2018  17:57:29         PAGE  5


LOC  OBJECT CODE     LINE SOURCE TEXT
  VALUE

000A   151F           00199  bsf 0x1f,2
000B   191F           00200  btfsc 0x1f,2
000C   2???           00201  goto $-1
                      00202  
000D   0187           00203  clrf 0x07
                      00204 
000E   081E           00205  movf 0x1e,0
000F   3C28           00206  sublw d'40'
0010   1C03           00207  btfss 0x03,0
0011   1407           00208  bsf 0x07,0
                      00209  
0012   081E           00210  movf 0x1e,0
0013   3C50           00211  sublw d'80'
0014   1C03           00212  btfss 0x03,0
0015   1487           00213  bsf 0x07,1
                      00214  
0016   081E           00215  movf 0x1e,0
0017   3C78           00216  sublw d'120'
0018   1C03           00217  btfss 0x03,0
0019   1507           00218  bsf 0x07,2
                      00219  
001A   081E           00220  movf 0x1e,0
001B   3CA0           00221  sublw d'160'
001C   1C03           00222  btfss 0x03,0
001D   1587           00223  bsf 0x07,3
                      00224  
001E   081E           00225  movf 0x1e,0
001F   3CC8           00226  sublw d'200'
0020   1C03           00227  btfss 0x03,0
0021   1607           00228  bsf 0x07,4
                      00229  
Warning[203]: Found opcode in column 1. (goto)
0022   2???           00230 goto MAIN
                      00231  
0023                  00232 delay
0023   3001           00233  movlw D'1'
0024   00A2           00234  movwf 22h
0025   3001           00235  movlw D'1'
0026   00A1           00236  movwf 21h
0027   3001           00237  movlw D'1'
0028   00A0           00238  movwf 20h
Message[305]: Using default destination of 1 (file).
0029   0BA0           00239  decfsz 20h
002A   2???           00240  goto $-1
Message[305]: Using default destination of 1 (file).
002B   0BA0           00241  decfsz 20h
002C   2???           00242  goto $-5
Message[305]: Using default destination of 1 (file).
002D   0BA0           00243  decfsz 20h
002E   2???           00244  goto $-9
Warning[203]: Found opcode in column 1. (return)
002F   0008           00245 return
                      00246  
MPASM 5.77  /HOME/ECONSYS4/MPLABXPROJECTS/LD   3-20-2018  17:57:29         PAGE  6


LOC  OBJECT CODE     LINE SOURCE TEXT
  VALUE

3F3A                  00247     END
MPASM 5.77  /HOME/ECONSYS4/MPLABXPROJECTS/LD   3-20-2018  17:57:29         PAGE  7


SYMBOL TABLE
  LABEL                             VALUE 

ACKDT                             00000005
ACKEN                             00000004
ACKSTAT                           00000006
ADCON0                            0000001F
ADCON1                            0000009F
ADCS0                             00000006
ADCS1                             00000007
ADCS2                             00000006
ADDEN                             00000003
ADFM                              00000007
ADIE                              00000006
ADIF                              00000006
ADON                              00000000
ADRESH                            0000001E
ADRESL                            0000009E
BCLIE                             00000003
BCLIF                             00000003
BF                                00000000
BRGH                              00000002
C                                 00000000
C1INV                             00000004
C1OUT                             00000006
C2INV                             00000005
C2OUT                             00000007
CCP1CON                           00000017
CCP1IE                            00000002
CCP1IF                            00000002
CCP1M0                            00000000
CCP1M1                            00000001
CCP1M2                            00000002
CCP1M3                            00000003
CCP1X                             00000005
CCP1Y                             00000004
CCP2CON                           0000001D
CCP2IE                            00000000
CCP2IF                            00000000
CCP2M0                            00000000
CCP2M1                            00000001
CCP2M2                            00000002
CCP2M3                            00000003
CCP2X                             00000005
CCP2Y                             00000004
CCPR1                             00000015
CCPR1H                            00000016
CCPR1L                            00000015
CCPR2                             0000001B
CCPR2H                            0000001C
CCPR2L                            0000001B
CHS0                              00000003
CHS1                              00000004
CHS2                              00000005
CIS                               00000003
CKE                               00000006
MPASM 5.77  /HOME/ECONSYS4/MPLABXPROJECTS/LD   3-20-2018  17:57:29         PAGE  8


SYMBOL TABLE
  LABEL                             VALUE 

CKP                               00000004
CM0                               00000000
CM1                               00000001
CM2                               00000002
CMCON                             0000009C
CMIE                              00000006
CMIF                              00000006
CREN                              00000004
CSRC                              00000007
CVR0                              00000000
CVR1                              00000001
CVR2                              00000002
CVR3                              00000003
CVRCON                            0000009D
CVREN                             00000007
CVROE                             00000006
CVRR                              00000005
D                                 00000005
DATA_ADDRESS                      00000005
DC                                00000001
D_A                               00000005
D_NOT_A                           00000005
EEADR                             0000010D
EEADRH                            0000010F
EECON1                            0000018C
EECON2                            0000018D
EEDATA                            0000010C
EEDATH                            0000010E
EEIE                              00000004
EEIF                              00000004
EEPGD                             00000007
F                                 00000001
FERR                              00000002
FSR                               00000004
GCEN                              00000007
GIE                               00000007
GO                                00000002
GO_DONE                           00000002
GO_NOT_DONE                       00000002
I2C_DATA                          00000005
I2C_READ                          00000002
I2C_START                         00000003
I2C_STOP                          00000004
INDF                              00000000
INTCON                            0000000B
INTE                              00000004
INTEDG                            00000006
INTF                              00000001
IRP                               00000007
MAIN                              00000008
NOT_A                             00000005
NOT_ADDRESS                       00000005
NOT_BO                            00000000
MPASM 5.77  /HOME/ECONSYS4/MPLABXPROJECTS/LD   3-20-2018  17:57:29         PAGE  9


SYMBOL TABLE
  LABEL                             VALUE 

NOT_BOR                           00000000
NOT_DONE                          00000002
NOT_PD                            00000003
NOT_POR                           00000001
NOT_RBPU                          00000007
NOT_RC8                           00000006
NOT_T1SYNC                        00000002
NOT_TO                            00000004
NOT_TX8                           00000006
NOT_W                             00000002
NOT_WRITE                         00000002
OERR                              00000001
OPTION_REG                        00000081
P                                 00000004
PCFG0                             00000000
PCFG1                             00000001
PCFG2                             00000002
PCFG3                             00000003
PCL                               00000002
PCLATH                            0000000A
PCON                              0000008E
PEIE                              00000006
PEN                               00000002
PIE1                              0000008C
PIE2                              0000008D
PIR1                              0000000C
PIR2                              0000000D
PORTA                             00000005
PORTB                             00000006
PORTC                             00000007
PR2                               00000092
PS0                               00000000
PS1                               00000001
PS2                               00000002
PSA                               00000003
R                                 00000002
RA0                               00000000
RA1                               00000001
RA2                               00000002
RA3                               00000003
RA4                               00000004
RA5                               00000005
RB0                               00000000
RB1                               00000001
RB2                               00000002
RB3                               00000003
RB4                               00000004
RB5                               00000005
RB6                               00000006
RB7                               00000007
RBIE                              00000003
RBIF                              00000000
RC0                               00000000
MPASM 5.77  /HOME/ECONSYS4/MPLABXPROJECTS/LD   3-20-2018  17:57:29         PAGE 10


SYMBOL TABLE
  LABEL                             VALUE 

RC1                               00000001
RC2                               00000002
RC3                               00000003
RC4                               00000004
RC5                               00000005
RC6                               00000006
RC7                               00000007
RC8_9                             00000006
RC9                               00000006
RCD8                              00000000
RCEN                              00000003
RCIE                              00000005
RCIF                              00000005
RCREG                             0000001A
RCSTA                             00000018
RD                                00000000
READ_WRITE                        00000002
RP0                               00000005
RP1                               00000006
RSEN                              00000001
RX9                               00000006
RX9D                              00000000
R_NOT_W                           00000002
R_W                               00000002
S                                 00000003
SEN                               00000000
SMP                               00000007
SPBRG                             00000099
SPEN                              00000007
SREN                              00000005
SSPADD                            00000093
SSPBUF                            00000013
SSPCON                            00000014
SSPCON2                           00000091
SSPEN                             00000005
SSPIE                             00000003
SSPIF                             00000003
SSPM0                             00000000
SSPM1                             00000001
SSPM2                             00000002
SSPM3                             00000003
SSPOV                             00000006
SSPSTAT                           00000094
START                             00000000
STATUS                            00000003
SYNC                              00000004
T0CS                              00000005
T0IE                              00000005
T0IF                              00000002
T0SE                              00000004
T1CKPS0                           00000004
T1CKPS1                           00000005
T1CON                             00000010
MPASM 5.77  /HOME/ECONSYS4/MPLABXPROJECTS/LD   3-20-2018  17:57:29         PAGE 11


SYMBOL TABLE
  LABEL                             VALUE 

T1INSYNC                          00000002
T1OSCEN                           00000003
T1SYNC                            00000002
T2CKPS0                           00000000
T2CKPS1                           00000001
T2CON                             00000012
TMR0                              00000001
TMR0IE                            00000005
TMR0IF                            00000002
TMR1                              0000000E
TMR1CS                            00000001
TMR1H                             0000000F
TMR1IE                            00000000
TMR1IF                            00000000
TMR1L                             0000000E
TMR1ON                            00000000
TMR2                              00000011
TMR2IE                            00000001
TMR2IF                            00000001
TMR2ON                            00000002
TOUTPS0                           00000003
TOUTPS1                           00000004
TOUTPS2                           00000005
TOUTPS3                           00000006
TRISA                             00000085
TRISA0                            00000000
TRISA1                            00000001
TRISA2                            00000002
TRISA3                            00000003
TRISA4                            00000004
TRISA5                            00000005
TRISB                             00000086
TRISB0                            00000000
TRISB1                            00000001
TRISB2                            00000002
TRISB3                            00000003
TRISB4                            00000004
TRISB5                            00000005
TRISB6                            00000006
TRISB7                            00000007
TRISC                             00000087
TRISC0                            00000000
TRISC1                            00000001
TRISC2                            00000002
TRISC3                            00000003
TRISC4                            00000004
TRISC5                            00000005
TRISC6                            00000006
TRISC7                            00000007
TRMT                              00000001
TX8_9                             00000006
TX9                               00000006
TX9D                              00000000
MPASM 5.77  /HOME/ECONSYS4/MPLABXPROJECTS/LD   3-20-2018  17:57:29         PAGE 12


SYMBOL TABLE
  LABEL                             VALUE 

TXD8                              00000000
TXEN                              00000005
TXIE                              00000004
TXIF                              00000004
TXREG                             00000019
TXSTA                             00000098
UA                                00000001
W                                 00000000
WCOL                              00000007
WR                                00000001
WREN                              00000002
WRERR                             00000003
Z                                 00000002
_BODEN_OFF                        00003FBF
_BODEN_ON                         00003FFF
_BOREN_OFF                        00003FBF
_BOREN_ON                         00003FFF
_CONFIG                           00002007
_CPD_OFF                          00003FFF
_CPD_ON                           00003EFF
_CP_ALL                           00001FFF
_CP_OFF                           00003FFF
_CP_ON                            00001FFF
_DEBUG_OFF                        00003FFF
_DEBUG_ON                         000037FF
_DEVID1                           00002006
_FOSC_EXTRC                       00003FFF
_FOSC_HS                          00003FFE
_FOSC_LP                          00003FFC
_FOSC_XT                          00003FFD
_HS_OSC                           00003FFE
_IDLOC0                           00002000
_IDLOC1                           00002001
_IDLOC2                           00002002
_IDLOC3                           00002003
_LP_OSC                           00003FFC
_LVP_OFF                          00003F7F
_LVP_ON                           00003FFF
_MAIN_PROG_000C                   0000000C
_MAIN_PROG_002A                   0000002A
_MAIN_PROG_002C                   0000002C
_MAIN_PROG_002E                   0000002E
_PWRTE_OFF                        00003FFF
_PWRTE_ON                         00003FF7
_RC_OSC                           00003FFF
_WDTE_OFF                         00003FFB
_WDTE_ON                          00003FFF
_WDT_OFF                          00003FFB
_WDT_ON                           00003FFF
_WRT_1FOURTH                      00003BFF
_WRT_256                          00003DFF
_WRT_HALF                         000039FF
_WRT_OFF                          00003FFF
MPASM 5.77  /HOME/ECONSYS4/MPLABXPROJECTS/LD   3-20-2018  17:57:29         PAGE 13


SYMBOL TABLE
  LABEL                             VALUE 

_XT_OSC                           00003FFD
__16F873A                         00000001
delay                             00000023

Errors   :     0
Warnings :     2 reported,     0 suppressed
Messages :     7 reported,     0 suppressed

